0 info it worked if it ends with ok
1 verbose cli [ '/usr/local/bin/node',
1 verbose cli   '/usr/local/bin/npm',
1 verbose cli   'run-script',
1 verbose cli   'test' ]
2 info using npm@2.12.1
3 info using node@v0.12.7
4 verbose run-script [ 'pretest', 'test', 'posttest' ]
5 info pretest air@1.0.0
6 info test air@1.0.0
7 verbose unsafe-perm in lifecycle true
8 info air@1.0.0 Failed to exec test script
9 verbose stack Error: air@1.0.0 test: `echo "Error: no test specified" && exit 1`
9 verbose stack Exit status 1
9 verbose stack     at EventEmitter.<anonymous> (/usr/local/lib/node_modules/npm/lib/utils/lifecycle.js:213:16)
9 verbose stack     at EventEmitter.emit (events.js:110:17)
9 verbose stack     at ChildProcess.<anonymous> (/usr/local/lib/node_modules/npm/lib/utils/spawn.js:24:14)
9 verbose stack     at ChildProcess.emit (events.js:110:17)
9 verbose stack     at maybeClose (child_process.js:1015:16)
9 verbose stack     at Process.ChildProcess._handle.onexit (child_process.js:1087:5)
10 verbose pkgid air@1.0.0
11 verbose cwd /Users/alan/htdocs/air
12 error Darwin 15.0.0
13 error argv "/usr/local/bin/node" "/usr/local/bin/npm" "run-script" "test"
14 error node v0.12.7
15 error npm  v2.12.1
16 error code ELIFECYCLE
17 error air@1.0.0 test: `echo "Error: no test specified" && exit 1`
17 error Exit status 1
18 error Failed at the air@1.0.0 test script 'echo "Error: no test specified" && exit 1'.
18 error This is most likely a problem with the air package,
18 error not with npm itself.
18 error Tell the author that this fails on your system:
18 error     echo "Error: no test specified" && exit 1
18 error You can get their info via:
18 error     npm owner ls air
18 error There is likely additional logging output above.
19 verbose exit [ 1, true ]
